00:00:00.4 Train 1 is ready to go East.
00:00:00.4 Train 1 is ON the main track going East
00:00:00.5 Train 2 is ready to go East.
00:00:00.6 Train 3 is ready to go East.
00:00:00.6 Train 13 is ready to go West.
00:00:00.7 Train 4 is ready to go East.
00:00:00.8 Train 5 is ready to go East.
00:00:00.9 Train 6 is ready to go East.
00:00:01.0 Train 0 is ready to go East.
00:00:01.0 Train 7 is ready to go East.
00:00:01.1 Train 8 is ready to go East.
00:00:01.2 Train 9 is ready to go East.
00:00:01.3 Train 10 is ready to go East.
00:00:01.4 Train 1 is OFF the main track going East
00:00:01.4 Train 2 is ON the main track going East
00:00:01.4 Train 11 is ready to go East.
00:00:01.5 Train 12 is ready to go East.
00:00:02.4 Train 2 is OFF the main track going East
00:00:02.4 Train 3 is ON the main track going East
00:00:03.4 Train 3 is OFF the main track going East
00:00:03.4 Train 13 is ON the main track going West
00:00:04.1 Train 13 is OFF the main track going West
00:00:04.1 Train 4 is ON the main track going East
00:00:05.1 Train 4 is OFF the main track going East
00:00:05.1 Train 5 is ON the main track going East
00:00:06.1 Train 5 is OFF the main track going East
00:00:06.1 Train 6 is ON the main track going East
00:00:07.1 Train 6 is OFF the main track going East
00:00:07.1 Train 0 is ON the main track going East
00:00:07.7 Train 0 is OFF the main track going East
00:00:07.7 Train 7 is ON the main track going East
00:00:08.7 Train 7 is OFF the main track going East
00:00:08.7 Train 8 is ON the main track going East
00:00:09.7 Train 8 is OFF the main track going East
00:00:09.7 Train 9 is ON the main track going East
00:00:10.7 Train 9 is OFF the main track going East
00:00:10.7 Train 10 is ON the main track going East
00:00:11.7 Train 10 is OFF the main track going East
00:00:11.7 Train 11 is ON the main track going East
00:00:12.7 Train 11 is OFF the main track going East
00:00:12.7 Train 12 is ON the main track going East
00:00:13.7 Train 12 is OFF the main track going East
